<?xml version="1.0" encoding="UTF-8"?>
<!-- Generated by org.testng.reporters.JUnitReportReporter -->
<testsuite hostname="DESKTOP-906ILJ7" failures="0" tests="1" name="Test.Test2" time="11.482" errors="0" timestamp="2022-12-22T13:18:59 SGT" skipped="0">
  <testcase classname="Test.Test2" name="Test_two" time="11.482"/>
  <system-out/>
</testsuite> <!-- Test.Test2 -->
