<?xml version="1.0" encoding="UTF-8"?>
<!-- Generated by org.testng.reporters.JUnitReportReporter -->
<testsuite hostname="DESKTOP-906ILJ7" failures="0" tests="1" name="Test.Test1" time="16.296" errors="0" timestamp="2022-12-22T13:18:59 SGT" skipped="0">
  <testcase classname="Test.Test1" name="test_one" time="16.296"/>
  <system-out/>
</testsuite> <!-- Test.Test1 -->
